<?xml version="1.0" encoding="UTF-8"?>
<testsuite xmlns:xsi="http://www.w3.org/2001/XMLSchema-instance" xsi:noNamespaceSchemaLocation="https://maven.apache.org/surefire/maven-surefire-plugin/xsd/surefire-test-report-3.0.xsd" version="3.0" name="com.sample.springboot.mybook.MyBookApplicationTests" time="11.433" tests="1" errors="0" skipped="0" failures="0">
  <properties>
[...]
</properties>
  <testcase name="contextLoads" classname="com.sample.springboot.mybook.MyBookApplicationTests" time="1.256">
    <system-out><![CDATA[22:28:42.054 [main] INFO org.springframework.test.context.support.AnnotationConfigContextLoaderUtils -- Could not detect default configuration classes for test class [com.sample.springboot.mybook.MyBookApplicationTests]: MyBookApplicationTests does not declare any static, non-private, non-final, nested classes annotated with @Configuration.
22:28:42.306 [main] INFO org.springframework.boot.test.context.SpringBootTestContextBootstrapper -- Found @SpringBootConfiguration com.sample.springboot.mybook.MyBookApplication for test class com.sample.springboot.mybook.MyBookApplicationTests

  .   ____          _            __ _ _
 /\\ / ___'_ __ _ _(_)_ __  __ _ \ \ \ \
( ( )\___ | '_ | '_| | '_ \/ _` | \ \ \ \
 \\/  ___)| |_)| | | | | || (_| |  ) ) ) )
  '  |____| .__|_| |_|_| |_\__, | / / / /
 =========|_|==============|___/=/_/_/_/
 :: Spring Boot ::                (v3.1.2)

2023-08-09T22:28:43.281+05:30  INFO 3128 --- [           main] c.s.s.mybook.MyBookApplicationTests      : Starting MyBookApplicationTests using Java 17.0.6 with PID 3128 (started by lenovo in C:\Users\lenovo\eclipse-workspace\MyBook)
2023-08-09T22:28:43.285+05:30  INFO 3128 --- [           main] c.s.s.mybook.MyBookApplicationTests      : No active profile set, falling back to 1 default profile: "default"
2023-08-09T22:28:44.798+05:30  INFO 3128 --- [           main] .s.d.r.c.RepositoryConfigurationDelegate : Bootstrapping Spring Data JPA repositories in DEFAULT mode.
2023-08-09T22:28:44.954+05:30  INFO 3128 --- [           main] .s.d.r.c.RepositoryConfigurationDelegate : Finished Spring Data repository scanning in 133 ms. Found 2 JPA repository interfaces.
2023-08-09T22:28:46.011+05:30  INFO 3128 --- [           main] com.zaxxer.hikari.HikariDataSource       : HikariPool-1 - Starting...
2023-08-09T22:28:46.895+05:30  INFO 3128 --- [           main] com.zaxxer.hikari.pool.HikariPool        : HikariPool-1 - Added connection com.mysql.cj.jdbc.ConnectionImpl@257f30f7
2023-08-09T22:28:46.899+05:30  INFO 3128 --- [           main] com.zaxxer.hikari.HikariDataSource       : HikariPool-1 - Start completed.
2023-08-09T22:28:46.985+05:30  INFO 3128 --- [           main] o.hibernate.jpa.internal.util.LogHelper  : HHH000204: Processing PersistenceUnitInfo [name: default]
2023-08-09T22:28:47.111+05:30  INFO 3128 --- [           main] org.hibernate.Version                    : HHH000412: Hibernate ORM core version 6.2.6.Final
2023-08-09T22:28:47.115+05:30  INFO 3128 --- [           main] org.hibernate.cfg.Environment            : HHH000406: Using bytecode reflection optimizer
2023-08-09T22:28:47.598+05:30  INFO 3128 --- [           main] o.h.b.i.BytecodeProviderInitiator        : HHH000021: Bytecode provider name : bytebuddy
2023-08-09T22:28:47.935+05:30  INFO 3128 --- [           main] o.s.o.j.p.SpringPersistenceUnitInfo      : No LoadTimeWeaver setup: ignoring JPA class transformer
2023-08-09T22:28:48.179+05:30  WARN 3128 --- [           main] org.hibernate.orm.deprecation            : HHH90000026: MySQL57Dialect has been deprecated; use org.hibernate.dialect.MySQLDialect instead
2023-08-09T22:28:48.654+05:30  INFO 3128 --- [           main] o.h.b.i.BytecodeProviderInitiator        : HHH000021: Bytecode provider name : bytebuddy
2023-08-09T22:28:49.759+05:30  INFO 3128 --- [           main] o.h.e.t.j.p.i.JtaPlatformInitiator       : HHH000490: Using JtaPlatform implementation: [org.hibernate.engine.transaction.jta.platform.internal.NoJtaPlatform]
2023-08-09T22:28:49.763+05:30  INFO 3128 --- [           main] j.LocalContainerEntityManagerFactoryBean : Initialized JPA EntityManagerFactory for persistence unit 'default'
2023-08-09T22:28:50.620+05:30  INFO 3128 --- [           main] o.s.d.j.r.query.QueryEnhancerFactory     : Hibernate is in classpath; If applicable, HQL parser will be used.
2023-08-09T22:28:50.951+05:30  WARN 3128 --- [           main] JpaBaseConfiguration$JpaWebConfiguration : spring.jpa.open-in-view is enabled by default. Therefore, database queries may be performed during view rendering. Explicitly configure spring.jpa.open-in-view to disable this warning
2023-08-09T22:28:51.344+05:30  INFO 3128 --- [           main] o.s.b.a.w.s.WelcomePageHandlerMapping    : Adding welcome page template: index
2023-08-09T22:28:51.832+05:30  INFO 3128 --- [           main] c.s.s.mybook.MyBookApplicationTests      : Started MyBookApplicationTests in 9.156 seconds (process running for 11.54)
]]></system-out>
  </testcase>
</testsuite>